<?xml version="1.0" encoding="UTF-8"?>
<!-- Generated by org.testng.reporters.JUnitXMLReporter -->
<testsuite ignored="0" hostname="6c519eb472cc5b7" failures="0" tests="7" name="Default test" time="42.421" errors="0" timestamp="2023-10-04T23:55:26 IST">
  <testcase classname="TestScenarios.FlipKartTestSuite" name="LoginPopupCloseTest" time="5.118"/>
  <testcase classname="TestScenarios.FlipKartTestSuite" name="ProductSearch" time="6.812"/>
  <testcase classname="TestScenarios.FlipKartTestSuite" name="FirstNameLabelTest" time="5.117"/>
  <testcase classname="TestScenarios.FlipKartTestSuite" name="swithToProductTab" time="5.025"/>
  <testcase classname="TestScenarios.FlipKartTestSuite" name="AddToCartTest" time="5.098"/>
  <testcase classname="TestScenarios.FlipKartTestSuite" name="CartButtonTest" time="10.085"/>
  <testcase classname="TestScenarios.FlipKartTestSuite" name="CartAddedTest" time="5.04"/>
</testsuite> <!-- Default test -->
