<?xml version="1.0" encoding="UTF-8"?>
<testng-results ignored="0" total="8" passed="8" failed="0" skipped="0">
  <reporter-output>
  </reporter-output>
  <suite started-at="2023-10-04T23:50:21 IST" name="Suite" finished-at="2023-10-04T23:51:06 IST" duration-ms="44673">
    <groups>
    </groups>
    <test started-at="2023-10-04T23:50:21 IST" name="Test" finished-at="2023-10-04T23:51:06 IST" duration-ms="44673">
      <class name="TestScenarios.FlipKartTestSuite">
        <test-method is-config="true" signature="initializeDriver()[pri:0, instance:TestScenarios.FlipKartTestSuite@388b401d]" started-at="2023-10-04T23:50:21 IST" name="initializeDriver" finished-at="2023-10-04T23:50:21 IST" duration-ms="21" status="PASS">
          <reporter-output>
          </reporter-output>
        </test-method> <!-- initializeDriver -->
        <test-method signature="BaseURLTest()[pri:1, instance:TestScenarios.FlipKartTestSuite@388b401d]" started-at="2023-10-04T23:50:21 IST" name="BaseURLTest" finished-at="2023-10-04T23:50:23 IST" duration-ms="2289" status="PASS">
          <reporter-output>
          </reporter-output>
        </test-method> <!-- BaseURLTest -->
        <test-method signature="LoginPopupCloseTest()[pri:2, instance:TestScenarios.FlipKartTestSuite@388b401d]" started-at="2023-10-04T23:50:23 IST" name="LoginPopupCloseTest" finished-at="2023-10-04T23:50:28 IST" duration-ms="5084" status="PASS">
          <reporter-output>
          </reporter-output>
        </test-method> <!-- LoginPopupCloseTest -->
        <test-method signature="ProductSearch()[pri:3, instance:TestScenarios.FlipKartTestSuite@388b401d]" started-at="2023-10-04T23:50:28 IST" name="ProductSearch" finished-at="2023-10-04T23:50:35 IST" duration-ms="6857" status="PASS">
          <reporter-output>
          </reporter-output>
        </test-method> <!-- ProductSearch -->
        <test-method signature="FirstNameLabelTest()[pri:4, instance:TestScenarios.FlipKartTestSuite@388b401d]" started-at="2023-10-04T23:50:35 IST" name="FirstNameLabelTest" finished-at="2023-10-04T23:50:40 IST" duration-ms="5124" status="PASS">
          <reporter-output>
          </reporter-output>
        </test-method> <!-- FirstNameLabelTest -->
        <test-method signature="swithToProductTab()[pri:5, instance:TestScenarios.FlipKartTestSuite@388b401d]" started-at="2023-10-04T23:50:40 IST" name="swithToProductTab" finished-at="2023-10-04T23:50:45 IST" duration-ms="5042" status="PASS">
          <reporter-output>
          </reporter-output>
        </test-method> <!-- swithToProductTab -->
        <test-method signature="AddToCartTest()[pri:6, instance:TestScenarios.FlipKartTestSuite@388b401d]" started-at="2023-10-04T23:50:45 IST" name="AddToCartTest" finished-at="2023-10-04T23:50:50 IST" duration-ms="5101" status="PASS">
          <reporter-output>
          </reporter-output>
        </test-method> <!-- AddToCartTest -->
        <test-method signature="CartButtonTest()[pri:7, instance:TestScenarios.FlipKartTestSuite@388b401d]" started-at="2023-10-04T23:50:50 IST" name="CartButtonTest" finished-at="2023-10-04T23:51:00 IST" duration-ms="10089" status="PASS">
          <reporter-output>
          </reporter-output>
        </test-method> <!-- CartButtonTest -->
        <test-method signature="CartAddedTest()[pri:8, instance:TestScenarios.FlipKartTestSuite@388b401d]" started-at="2023-10-04T23:51:00 IST" name="CartAddedTest" finished-at="2023-10-04T23:51:06 IST" duration-ms="5039" status="PASS">
          <reporter-output>
          </reporter-output>
        </test-method> <!-- CartAddedTest -->
      </class> <!-- TestScenarios.FlipKartTestSuite -->
    </test> <!-- Test -->
  </suite> <!-- Suite -->
</testng-results>
