<?xml version="1.0" encoding="UTF-8"?>
<!-- Generated by org.testng.reporters.JUnitXMLReporter -->
<testsuite ignored="0" hostname="6c519eb472cc5b7" failures="0" tests="8" name="Test" time="44.673" errors="0" timestamp="2023-10-04T23:51:06 IST">
  <testcase classname="TestScenarios.FlipKartTestSuite" name="BaseURLTest" time="2.289"/>
  <testcase classname="TestScenarios.FlipKartTestSuite" name="LoginPopupCloseTest" time="5.084"/>
  <testcase classname="TestScenarios.FlipKartTestSuite" name="ProductSearch" time="6.857"/>
  <testcase classname="TestScenarios.FlipKartTestSuite" name="FirstNameLabelTest" time="5.124"/>
  <testcase classname="TestScenarios.FlipKartTestSuite" name="swithToProductTab" time="5.042"/>
  <testcase classname="TestScenarios.FlipKartTestSuite" name="AddToCartTest" time="5.101"/>
  <testcase classname="TestScenarios.FlipKartTestSuite" name="CartButtonTest" time="10.089"/>
  <testcase classname="TestScenarios.FlipKartTestSuite" name="CartAddedTest" time="5.039"/>
</testsuite> <!-- Test -->
