<?xml version="1.0" encoding="UTF-8"?>
<!-- Generated by org.testng.reporters.JUnitXMLReporter -->
<testsuite ignored="0" hostname="6c519eb472cc5b7" failures="0" tests="6" name="Test" time="44.64" errors="0" timestamp="2023-09-12T21:17:21 IST">
  <testcase classname="test.testng.DemoTest" name="BaseUrl" time="3.905"/>
  <testcase classname="test.testng.DemoTest" name="CookiePopupTest" time="15.181"/>
  <testcase classname="test.testng.DemoTest" name="ProductButtonTest" time="12.734"/>
  <testcase classname="test.testng.DemoTest" name="ProcessDivery" time="10.172"/>
  <testcase classname="test.testng.DemoTest" name="NavigatetoURL" time="2.453"/>
  <testcase classname="test.testng.DemoTest" name="BrowserCloseL" time="0.147"/>
</testsuite> <!-- Test -->
