<?xml version="1.0" encoding="UTF-8"?>
<testng-results ignored="0" total="6" passed="6" failed="0" skipped="0">
  <reporter-output>
  </reporter-output>
  <suite started-at="2023-09-12T21:27:05 IST" name="Default suite" finished-at="2023-09-12T21:27:52 IST" duration-ms="47425">
    <groups>
    </groups>
    <test started-at="2023-09-12T21:27:05 IST" name="Default test" finished-at="2023-09-12T21:27:52 IST" duration-ms="47425">
      <class name="test.testng.DemoTest">
        <test-method signature="BaseUrl()[pri:1, instance:test.testng.DemoTest@8519cb4]" started-at="2023-09-12T21:27:05 IST" name="BaseUrl" finished-at="2023-09-12T21:27:08 IST" duration-ms="3474" status="PASS">
          <reporter-output>
          </reporter-output>
        </test-method> <!-- BaseUrl -->
        <test-method signature="CookiePopupTest()[pri:2, instance:test.testng.DemoTest@8519cb4]" started-at="2023-09-12T21:27:08 IST" name="CookiePopupTest" finished-at="2023-09-12T21:27:23 IST" duration-ms="15173" status="PASS">
          <reporter-output>
          </reporter-output>
        </test-method> <!-- CookiePopupTest -->
        <test-method signature="ProductButtonTest()[pri:3, instance:test.testng.DemoTest@8519cb4]" started-at="2023-09-12T21:27:23 IST" name="ProductButtonTest" finished-at="2023-09-12T21:27:37 IST" duration-ms="13967" status="PASS">
          <reporter-output>
          </reporter-output>
        </test-method> <!-- ProductButtonTest -->
        <test-method signature="ProcessDivery()[pri:4, instance:test.testng.DemoTest@8519cb4]" started-at="2023-09-12T21:27:37 IST" name="ProcessDivery" finished-at="2023-09-12T21:27:47 IST" duration-ms="10160" status="PASS">
          <reporter-output>
          </reporter-output>
        </test-method> <!-- ProcessDivery -->
        <test-method signature="NavigatetoURL()[pri:5, instance:test.testng.DemoTest@8519cb4]" started-at="2023-09-12T21:27:47 IST" name="NavigatetoURL" finished-at="2023-09-12T21:27:52 IST" duration-ms="4438" status="PASS">
          <reporter-output>
          </reporter-output>
        </test-method> <!-- NavigatetoURL -->
        <test-method signature="BrowserCloseL()[pri:6, instance:test.testng.DemoTest@8519cb4]" started-at="2023-09-12T21:27:52 IST" name="BrowserCloseL" finished-at="2023-09-12T21:27:52 IST" duration-ms="150" status="PASS">
          <reporter-output>
          </reporter-output>
        </test-method> <!-- BrowserCloseL -->
      </class> <!-- test.testng.DemoTest -->
    </test> <!-- Default test -->
  </suite> <!-- Default suite -->
</testng-results>
