<?xml version="1.0" encoding="UTF-8"?>
<!-- Generated by org.testng.reporters.JUnitXMLReporter -->
<testsuite ignored="0" hostname="6c519eb472cc5b7" failures="0" tests="6" name="Default test" time="47.425" errors="0" timestamp="2023-09-12T21:27:52 IST">
  <testcase classname="test.testng.DemoTest" name="BaseUrl" time="3.474"/>
  <testcase classname="test.testng.DemoTest" name="CookiePopupTest" time="15.173"/>
  <testcase classname="test.testng.DemoTest" name="ProductButtonTest" time="13.967"/>
  <testcase classname="test.testng.DemoTest" name="ProcessDivery" time="10.16"/>
  <testcase classname="test.testng.DemoTest" name="NavigatetoURL" time="4.438"/>
  <testcase classname="test.testng.DemoTest" name="BrowserCloseL" time="0.15"/>
</testsuite> <!-- Default test -->
