<?xml version="1.0" encoding="UTF-8"?>
<testng-results ignored="0" total="7" passed="7" failed="0" skipped="0">
  <reporter-output>
  </reporter-output>
  <suite started-at="2023-10-04T23:54:44 IST" name="Default suite" finished-at="2023-10-04T23:55:26 IST" duration-ms="42421">
    <groups>
    </groups>
    <test started-at="2023-10-04T23:54:44 IST" name="Default test" finished-at="2023-10-04T23:55:26 IST" duration-ms="42421">
      <class name="TestScenarios.FlipKartTestSuite">
        <test-method is-config="true" signature="initializeDriver()[pri:0, instance:TestScenarios.FlipKartTestSuite@766a4535]" started-at="2023-10-04T23:54:42 IST" name="initializeDriver" finished-at="2023-10-04T23:54:44 IST" duration-ms="2175" status="PASS">
          <reporter-output>
          </reporter-output>
        </test-method> <!-- initializeDriver -->
        <test-method signature="LoginPopupCloseTest()[pri:1, instance:TestScenarios.FlipKartTestSuite@766a4535]" started-at="2023-10-04T23:54:44 IST" name="LoginPopupCloseTest" finished-at="2023-10-04T23:54:49 IST" duration-ms="5118" status="PASS">
          <reporter-output>
          </reporter-output>
        </test-method> <!-- LoginPopupCloseTest -->
        <test-method signature="ProductSearch()[pri:2, instance:TestScenarios.FlipKartTestSuite@766a4535]" started-at="2023-10-04T23:54:49 IST" name="ProductSearch" finished-at="2023-10-04T23:54:56 IST" duration-ms="6812" status="PASS">
          <reporter-output>
          </reporter-output>
        </test-method> <!-- ProductSearch -->
        <test-method signature="FirstNameLabelTest()[pri:3, instance:TestScenarios.FlipKartTestSuite@766a4535]" started-at="2023-10-04T23:54:56 IST" name="FirstNameLabelTest" finished-at="2023-10-04T23:55:01 IST" duration-ms="5117" status="PASS">
          <reporter-output>
          </reporter-output>
        </test-method> <!-- FirstNameLabelTest -->
        <test-method signature="swithToProductTab()[pri:4, instance:TestScenarios.FlipKartTestSuite@766a4535]" started-at="2023-10-04T23:55:01 IST" name="swithToProductTab" finished-at="2023-10-04T23:55:06 IST" duration-ms="5025" status="PASS">
          <reporter-output>
          </reporter-output>
        </test-method> <!-- swithToProductTab -->
        <test-method signature="AddToCartTest()[pri:5, instance:TestScenarios.FlipKartTestSuite@766a4535]" started-at="2023-10-04T23:55:06 IST" name="AddToCartTest" finished-at="2023-10-04T23:55:11 IST" duration-ms="5098" status="PASS">
          <reporter-output>
          </reporter-output>
        </test-method> <!-- AddToCartTest -->
        <test-method signature="CartButtonTest()[pri:6, instance:TestScenarios.FlipKartTestSuite@766a4535]" started-at="2023-10-04T23:55:11 IST" name="CartButtonTest" finished-at="2023-10-04T23:55:21 IST" duration-ms="10085" status="PASS">
          <reporter-output>
          </reporter-output>
        </test-method> <!-- CartButtonTest -->
        <test-method signature="CartAddedTest()[pri:7, instance:TestScenarios.FlipKartTestSuite@766a4535]" started-at="2023-10-04T23:55:21 IST" name="CartAddedTest" finished-at="2023-10-04T23:55:26 IST" duration-ms="5040" status="PASS">
          <reporter-output>
          </reporter-output>
        </test-method> <!-- CartAddedTest -->
      </class> <!-- TestScenarios.FlipKartTestSuite -->
    </test> <!-- Default test -->
  </suite> <!-- Default suite -->
</testng-results>
