<?xml version="1.0" encoding="UTF-8"?>
<testsuite xmlns:xsi="http://www.w3.org/2001/XMLSchema-instance" xsi:noNamespaceSchemaLocation="https://maven.apache.org/surefire/maven-surefire-plugin/xsd/surefire-test-report.xsd" name="TestSuite" time="97.665" tests="12" errors="0" skipped="0" failures="0">
  <properties>
[...]
</properties>
  <testcase name="BaseUrl" classname="test.testng.DemoTest" time="3.907"/>
  <testcase name="CookiePopupTest" classname="test.testng.DemoTest" time="15.182"/>
  <testcase name="ProductButtonTest" classname="test.testng.DemoTest" time="12.735"/>
  <testcase name="ProcessDivery" classname="test.testng.DemoTest" time="10.172"/>
  <testcase name="NavigatetoURL" classname="test.testng.DemoTest" time="2.453"/>
  <testcase name="BrowserCloseL" classname="test.testng.DemoTest" time="0.15"/>
  <testcase name="BaseURLTest" classname="test.testng.DemoseTest" time="3.667"/>
  <testcase name="CookiePopupTest" classname="test.testng.DemoseTest" time="15.168"/>
  <testcase name="ProductButtonTest" classname="test.testng.DemoseTest" time="10.227"/>
  <testcase name="ProductButtonHoverOverTest" classname="test.testng.DemoseTest" time="23.269"/>
  <testcase name="FirstNameLabelTest" classname="test.testng.DemoseTest" time="0.051"/>
  <testcase name="LastNameLabelTest" classname="test.testng.DemoseTest" time="0.024"/>
</testsuite>